<html>
<head>
<title>TestNG:  Default test</title>
<link href="../testng.css" rel="stylesheet" type="text/css" />
<link href="../my-testng.css" rel="stylesheet" type="text/css" />

<style type="text/css">
.log { display: none;} 
.stack-trace { display: none;} 
</style>
<script type="text/javascript">
<!--
function flip(e) {
  current = e.style.display;
  if (current == 'block') {
    e.style.display = 'none';
    return 0;
  }
  else {
    e.style.display = 'block';
    return 1;
  }
}

function toggleBox(szDivId, elem, msg1, msg2)
{
  var res = -1;  if (document.getElementById) {
    res = flip(document.getElementById(szDivId));
  }
  else if (document.all) {
    // this is the way old msie versions work
    res = flip(document.all[szDivId]);
  }
  if(elem) {
    if(res == 0) elem.innerHTML = msg1; else elem.innerHTML = msg2;
  }

}

function toggleAllBoxes() {
  if (document.getElementsByTagName) {
    d = document.getElementsByTagName('div');
    for (i = 0; i < d.length; i++) {
      if (d[i].className == 'log') {
        flip(d[i]);
      }
    }
  }
}

// -->
</script>

</head>
<body>
<h2 align='center'>Default test</h2><table border='1' align="center">
<tr>
<td>Tests passed/Failed/Skipped:</td><td>3/1/0</td>
</tr><tr>
<td>Started on:</td><td>Fri Sep 02 22:02:15 WIB 2022</td>
</tr>
<tr><td>Total time:</td><td>90 seconds (90493 ms)</td>
</tr><tr>
<td>Included groups:</td><td></td>
</tr><tr>
<td>Excluded groups:</td><td></td>
</tr>
</table><p/>
<small><i>(Hover the method name to see the test class name)</i></small><p/>
<table width='100%' border='1' class='invocation-failed'>
<tr><td colspan='4' align='center'><b>FAILED TESTS</b></td></tr>
<tr><td><b>Test method</b></td>
<td width="30%"><b>Exception</b></td>
<td width="10%"><b>Time (seconds)</b></td>
<td><b>Instance</b></td>
</tr>
<tr>
<td title='com.juaracoding.pageobject.step_definitions.TestRunnerOne.runScenario()'><b>runScenario</b><br>Test class: com.juaracoding.pageobject.step_definitions.TestRunnerOne<br>Test method: Runs Cucumber Scenarios<br>Parameters: "Add 2 product and checkout", "Checkout Product"</td>
<td><div><pre>java.lang.AssertionError: expected:&lt;Your shopping cart contains: 2 Products&gt; but was:&lt;Your shopping cart contains: 2 &gt;
	at org.testng.AssertJUnit.assertEquals(AssertJUnit.java:115)
	at org.testng.AssertJUnit.assertEquals(AssertJUnit.java:125)
	at com.juaracoding.pageobject.step_definitions.TestCheckOutCucumber.User_can_see_shoppingcart_summary(TestCheckOutCucumber.java:124)
	at ✽.User can see shoppingcart summary(file:///C:/Users/Nandi/MyPortofolio-workspace/TestNgCucumber-withHooksExtentReport/com.juaracoding.pageobject/src/test/resources/features/2.CheckOut.feature:13)
</pre></div><a href='#' onClick='toggleBox("stack-trace1322341191", this, "Click to show all stack frames", "Click to hide stack frames")'>Click to show all stack frames</a>
<div class='stack-trace' id='stack-trace1322341191'><pre>java.lang.AssertionError: expected:&lt;Your shopping cart contains: 2 Products&gt; but was:&lt;Your shopping cart contains: 2 &gt;
	at org.testng.AssertJUnit.assertEquals(AssertJUnit.java:115)
	at org.testng.AssertJUnit.assertEquals(AssertJUnit.java:125)
	at com.juaracoding.pageobject.step_definitions.TestCheckOutCucumber.User_can_see_shoppingcart_summary(TestCheckOutCucumber.java:124)
	at ✽.User can see shoppingcart summary(file:///C:/Users/Nandi/MyPortofolio-workspace/TestNgCucumber-withHooksExtentReport/com.juaracoding.pageobject/src/test/resources/features/2.CheckOut.feature:13)
</pre></div></td>
<td>19</td>
<td>com.juaracoding.pageobject.step_definitions.TestRunnerOne@4cc451f2</td></tr>
</table><p>
<table width='100%' border='1' class='invocation-passed'>
<tr><td colspan='4' align='center'><b>PASSED TESTS</b></td></tr>
<tr><td><b>Test method</b></td>
<td width="30%"><b>Exception</b></td>
<td width="10%"><b>Time (seconds)</b></td>
<td><b>Instance</b></td>
</tr>
<tr>
<td title='com.juaracoding.pageobject.step_definitions.TestRunnerOne.runScenario()'><b>runScenario</b><br>Test class: com.juaracoding.pageobject.step_definitions.TestRunnerOne<br>Test method: Runs Cucumber Scenarios<br>Parameters: "Account failed login", "Login Account"</td>
<td></td>
<td>35</td>
<td>com.juaracoding.pageobject.step_definitions.TestRunnerOne@4cc451f2</td></tr>
<tr>
<td title='com.juaracoding.pageobject.step_definitions.TestRunnerOne.runScenario()'><b>runScenario</b><br>Test class: com.juaracoding.pageobject.step_definitions.TestRunnerOne<br>Test method: Runs Cucumber Scenarios<br>Parameters: "Search product", "Checkout Product"</td>
<td></td>
<td>8</td>
<td>com.juaracoding.pageobject.step_definitions.TestRunnerOne@4cc451f2</td></tr>
<tr>
<td title='com.juaracoding.pageobject.step_definitions.TestRunnerOne.runScenario()'><b>runScenario</b><br>Test class: com.juaracoding.pageobject.step_definitions.TestRunnerOne<br>Test method: Runs Cucumber Scenarios<br>Parameters: "Account succes login", "Login Account"</td>
<td></td>
<td>22</td>
<td>com.juaracoding.pageobject.step_definitions.TestRunnerOne@4cc451f2</td></tr>
</table><p>
</body>
</html>