<?xml version="1.0" encoding="UTF-8"?>
<!-- Generated by org.testng.reporters.JUnitXMLReporter -->
<testsuite ignored="0" hostname="DESKTOP-0I8AHN0" failures="1" tests="4" name="Default test" time="90.493" errors="0" timestamp="2022-09-02T22:03:46 WIB">
  <testcase classname="io.cucumber.testng.AbstractTestNGCucumberTests" name="runScenario" time="35.021"/>
  <testcase classname="io.cucumber.testng.AbstractTestNGCucumberTests" name="runScenario" time="22.292"/>
  <testcase classname="io.cucumber.testng.AbstractTestNGCucumberTests" name="runScenario" time="8.709"/>
  <testcase classname="io.cucumber.testng.AbstractTestNGCucumberTests" name="runScenario" time="19.397">
    <failure type="java.lang.AssertionError" message="expected:&amp;lt;Your shopping cart contains: 2 Products&amp;gt; but was:&amp;lt;Your shopping cart contains: 2 &amp;gt;">
      <![CDATA[java.lang.AssertionError: expected:<Your shopping cart contains: 2 Products> but was:<Your shopping cart contains: 2 >
at org.testng.AssertJUnit.assertEquals(AssertJUnit.java:115)
at org.testng.AssertJUnit.assertEquals(AssertJUnit.java:125)
at com.juaracoding.pageobject.step_definitions.TestCheckOutCucumber.User_can_see_shoppingcart_summary(TestCheckOutCucumber.java:124)
at âœ½.User can see shoppingcart summary(file:///C:/Users/Nandi/MyPortofolio-workspace/TestNgCucumber-withHooksExtentReport/com.juaracoding.pageobject/src/test/resources/features/2.CheckOut.feature:13)
]]>
    </failure>
  </testcase> <!-- runScenario -->
</testsuite> <!-- Default test -->
