<?xml version="1.0" encoding="UTF-8"?>
<testng-results ignored="0" total="4" passed="3" failed="1" skipped="0">
  <reporter-output>
  </reporter-output>
  <suite started-at="2022-09-02T22:02:15 WIB" name="Default suite" finished-at="2022-09-02T22:03:46 WIB" duration-ms="90493">
    <groups>
      <group name="cucumber">
        <method signature="AbstractTestNGCucumberTests.runScenario(io.cucumber.testng.PickleWrapper,io.cucumber.testng.FeatureWrapper)[pri:0, instance:com.juaracoding.pageobject.step_definitions.TestRunnerOne@4cc451f2]" name="runScenario" class="io.cucumber.testng.AbstractTestNGCucumberTests"/>
      </group> <!-- cucumber -->
    </groups>
    <test started-at="2022-09-02T22:02:15 WIB" name="Default test" finished-at="2022-09-02T22:03:46 WIB" duration-ms="90493">
      <class name="com.juaracoding.pageobject.step_definitions.TestRunnerOne">
        <test-method is-config="true" signature="setUpClass(org.testng.ITestContext)[pri:0, instance:com.juaracoding.pageobject.step_definitions.TestRunnerOne@4cc451f2]" started-at="2022-09-02T22:02:15 WIB" name="setUpClass" finished-at="2022-09-02T22:02:16 WIB" duration-ms="1138" status="PASS">
          <params>
            <param index="0">
              <value>
                <![CDATA[org.testng.TestRunner@3513c84c]]>
              </value>
            </param>
          </params>
          <reporter-output>
          </reporter-output>
        </test-method> <!-- setUpClass -->
        <test-method signature="runScenario(io.cucumber.testng.PickleWrapper,io.cucumber.testng.FeatureWrapper)[pri:0, instance:com.juaracoding.pageobject.step_definitions.TestRunnerOne@4cc451f2]" started-at="2022-09-02T22:02:16 WIB" name="runScenario" description="Runs Cucumber Scenarios" data-provider="scenarios" finished-at="2022-09-02T22:02:51 WIB" duration-ms="35021" status="PASS">
          <params>
            <param index="0">
              <value>
                <![CDATA["Account failed login"]]>
              </value>
            </param>
            <param index="1">
              <value>
                <![CDATA["Login Account"]]>
              </value>
            </param>
          </params>
          <reporter-output>
          </reporter-output>
        </test-method> <!-- runScenario -->
        <test-method signature="runScenario(io.cucumber.testng.PickleWrapper,io.cucumber.testng.FeatureWrapper)[pri:0, instance:com.juaracoding.pageobject.step_definitions.TestRunnerOne@4cc451f2]" started-at="2022-09-02T22:02:51 WIB" name="runScenario" description="Runs Cucumber Scenarios" data-provider="scenarios" finished-at="2022-09-02T22:03:14 WIB" duration-ms="22292" status="PASS">
          <params>
            <param index="0">
              <value>
                <![CDATA["Account succes login"]]>
              </value>
            </param>
            <param index="1">
              <value>
                <![CDATA["Login Account"]]>
              </value>
            </param>
          </params>
          <reporter-output>
          </reporter-output>
        </test-method> <!-- runScenario -->
        <test-method signature="runScenario(io.cucumber.testng.PickleWrapper,io.cucumber.testng.FeatureWrapper)[pri:0, instance:com.juaracoding.pageobject.step_definitions.TestRunnerOne@4cc451f2]" started-at="2022-09-02T22:03:14 WIB" name="runScenario" description="Runs Cucumber Scenarios" data-provider="scenarios" finished-at="2022-09-02T22:03:22 WIB" duration-ms="8709" status="PASS">
          <params>
            <param index="0">
              <value>
                <![CDATA["Search product"]]>
              </value>
            </param>
            <param index="1">
              <value>
                <![CDATA["Checkout Product"]]>
              </value>
            </param>
          </params>
          <reporter-output>
          </reporter-output>
        </test-method> <!-- runScenario -->
        <test-method signature="runScenario(io.cucumber.testng.PickleWrapper,io.cucumber.testng.FeatureWrapper)[pri:0, instance:com.juaracoding.pageobject.step_definitions.TestRunnerOne@4cc451f2]" started-at="2022-09-02T22:03:22 WIB" name="runScenario" description="Runs Cucumber Scenarios" data-provider="scenarios" finished-at="2022-09-02T22:03:42 WIB" duration-ms="19397" status="FAIL">
          <params>
            <param index="0">
              <value>
                <![CDATA["Add 2 product and checkout"]]>
              </value>
            </param>
            <param index="1">
              <value>
                <![CDATA["Checkout Product"]]>
              </value>
            </param>
          </params>
          <exception class="java.lang.AssertionError">
            <message>
              <![CDATA[expected:<Your shopping cart contains: 2 Products> but was:<Your shopping cart contains: 2 >]]>
            </message>
            <full-stacktrace>
              <![CDATA[java.lang.AssertionError: expected:<Your shopping cart contains: 2 Products> but was:<Your shopping cart contains: 2 >
at org.testng.AssertJUnit.assertEquals(AssertJUnit.java:115)
at org.testng.AssertJUnit.assertEquals(AssertJUnit.java:125)
at com.juaracoding.pageobject.step_definitions.TestCheckOutCucumber.User_can_see_shoppingcart_summary(TestCheckOutCucumber.java:124)
at âœ½.User can see shoppingcart summary(file:///C:/Users/Nandi/MyPortofolio-workspace/TestNgCucumber-withHooksExtentReport/com.juaracoding.pageobject/src/test/resources/features/2.CheckOut.feature:13)
]]>
            </full-stacktrace>
          </exception> <!-- java.lang.AssertionError -->
          <reporter-output>
          </reporter-output>
        </test-method> <!-- runScenario -->
        <test-method is-config="true" signature="tearDownClass()[pri:0, instance:com.juaracoding.pageobject.step_definitions.TestRunnerOne@4cc451f2]" started-at="2022-09-02T22:03:42 WIB" name="tearDownClass" finished-at="2022-09-02T22:03:46 WIB" duration-ms="3757" status="PASS">
          <reporter-output>
          </reporter-output>
        </test-method> <!-- tearDownClass -->
      </class> <!-- com.juaracoding.pageobject.step_definitions.TestRunnerOne -->
    </test> <!-- Default test -->
  </suite> <!-- Default suite -->
</testng-results>
