<?xml version="1.0" encoding="UTF-8"?>
<!-- Generated by org.testng.reporters.JUnitReportReporter -->
<testsuite hostname="DESKTOP-0I8AHN0" failures="1" tests="4" name="com.juaracoding.pageobject.step_definitions.TestRunnerOne" time="85.419" errors="0" timestamp="2022-09-02T22:03:46 WIB" skipped="0">
  <testcase classname="com.juaracoding.pageobject.step_definitions.TestRunnerOne" name="runScenario" time="35.021"/>
  <system-out/>
  <testcase classname="com.juaracoding.pageobject.step_definitions.TestRunnerOne" name="runScenario" time="8.709"/>
  <system-out/>
  <testcase classname="com.juaracoding.pageobject.step_definitions.TestRunnerOne" name="runScenario" time="19.397">
    <failure message="expected:&lt;Your shopping cart contains: 2 Products&gt; but was:&lt;Your shopping cart contains: 2 &gt;" type="java.lang.AssertionError">
      <![CDATA[java.lang.AssertionError: expected:<Your shopping cart contains: 2 Products> but was:<Your shopping cart contains: 2 >
at org.testng.AssertJUnit.assertEquals(AssertJUnit.java:115)
at org.testng.AssertJUnit.assertEquals(AssertJUnit.java:125)
at com.juaracoding.pageobject.step_definitions.TestCheckOutCucumber.User_can_see_shoppingcart_summary(TestCheckOutCucumber.java:124)
at âœ½.User can see shoppingcart summary(file:///C:/Users/Nandi/MyPortofolio-workspace/TestNgCucumber-withHooksExtentReport/com.juaracoding.pageobject/src/test/resources/features/2.CheckOut.feature:13)
]]>
    </failure>
  </testcase> <!-- runScenario -->
  <system-out/>
  <testcase classname="com.juaracoding.pageobject.step_definitions.TestRunnerOne" name="runScenario" time="22.292"/>
  <system-out/>
</testsuite> <!-- com.juaracoding.pageobject.step_definitions.TestRunnerOne -->
