<?xml version="1.0" encoding="UTF-8"?>
<!-- Generated by org.testng.reporters.JUnitReportReporter -->
<testsuite hostname="DESKTOP-0I8AHN0" failures="1" tests="3" name="com.juaracoding.pageobject.step_definitions.TestRunner" time="61.297" errors="0" timestamp="2022-09-01T15:55:36 WIB" skipped="0">
  <testcase classname="com.juaracoding.pageobject.step_definitions.TestRunner" name="runScenario" time="54.318"/>
  <system-out/>
  <testcase classname="com.juaracoding.pageobject.step_definitions.TestRunner" name="runScenario" time="3.629"/>
  <system-out/>
  <testcase classname="com.juaracoding.pageobject.step_definitions.TestRunner" name="runScenario" time="3.350">
    <failure message="expected [Launching Soo] but found [Launching Soon]" type="java.lang.AssertionError">
      <![CDATA[java.lang.AssertionError: expected [Launching Soo] but found [Launching Soon]
at org.testng.Assert.fail(Assert.java:99)
at org.testng.Assert.failNotEquals(Assert.java:1037)
at org.testng.Assert.assertEqualsImpl(Assert.java:140)
at org.testng.Assert.assertEquals(Assert.java:122)
at org.testng.Assert.assertEquals(Assert.java:629)
at org.testng.Assert.assertEquals(Assert.java:639)
at com.juaracoding.pageobject.step_definitions.TestDashboard.user_on_menu_Dashboard(TestDashboard.java:35)
at âœ½.User on menu Dashboard(file:///C:/Users/Nandi/Downloads/com.juaracoding.pageobject/com.juaracoding.pageobject/src/test/resources/features/2.Dashboard.feature:5)
]]>
    </failure>
  </testcase> <!-- runScenario -->
  <system-out/>
</testsuite> <!-- com.juaracoding.pageobject.step_definitions.TestRunner -->
